<?xml version="1.0" encoding="UTF-8"?>
<!-- Generated by org.testng.reporters.JUnitReportReporter -->
<testsuite skipped="0" hostname="Tonimas-MacBook-Air.local" name="com.linkedin.qa.testcases.LoginPageTest" tests="3" failures="0" timestamp="17 Sep 2019 15:42:00 GMT" time="14.955" errors="0">
  <testcase name="LoginPageTitleTest" time="3.178" classname="com.linkedin.qa.testcases.LoginPageTest"/>
  <testcase name="loginPageLogoTest" time="2.836" classname="com.linkedin.qa.testcases.LoginPageTest"/>
  <testcase name="LoginTest" time="8.941" classname="com.linkedin.qa.testcases.LoginPageTest"/>
</testsuite> <!-- com.linkedin.qa.testcases.LoginPageTest -->
