<?xml version="1.0" encoding="UTF-8"?>
<!-- Generated by org.testng.reporters.JUnitReportReporter -->
<testsuite skipped="0" hostname="Tonimas-MacBook-Air.local" name="com.linkedin.qa.testcases.HomePageTest" tests="1" failures="0" timestamp="17 Sep 2019 15:43:22 GMT" time="13.006" errors="0">
  <testcase name="clickOnMessagingLinkTest" time="13.006" classname="com.linkedin.qa.testcases.HomePageTest"/>
</testsuite> <!-- com.linkedin.qa.testcases.HomePageTest -->
