<?xml version="1.0" encoding="UTF-8"?>
<!-- Generated by org.testng.reporters.JUnitReportReporter -->
<testsuite skipped="0" hostname="Tonimas-MacBook-Air.local" name="com.linkedin.qa.testcases.MessagePageTest" tests="5" failures="0" timestamp="17 Sep 2019 15:43:22 GMT" time="52.540" errors="0">
  <testcase name="selectMessageByNameTest" time="9.239" classname="com.linkedin.qa.testcases.MessagePageTest"/>
  <testcase name="clickOnComposeButtonTest" time="11.728" classname="com.linkedin.qa.testcases.MessagePageTest"/>
  <testcase name="CheckGroupConversationIconTest" time="10.383" classname="com.linkedin.qa.testcases.MessagePageTest"/>
  <testcase name="SearchBoxVerificationTest" time="9.798" classname="com.linkedin.qa.testcases.MessagePageTest"/>
  <testcase name="verifyMessageTest" time="11.392" classname="com.linkedin.qa.testcases.MessagePageTest"/>
</testsuite> <!-- com.linkedin.qa.testcases.MessagePageTest -->
