<?xml version="1.0" encoding="UTF-8"?>
<!-- Generated by org.testng.reporters.JUnitReportReporter -->
<testsuite skipped="0" hostname="Tonimas-MacBook-Air.local" name="com.linkedin.qa.testcases.LoginPageTest" tests="3" failures="0" timestamp="22 Sep 2019 20:05:37 GMT" time="22.777" errors="0">
  <testcase name="LoginPageTitleTest" time="3.297" classname="com.linkedin.qa.testcases.LoginPageTest"/>
  <testcase name="loginPageLogoTest" time="4.375" classname="com.linkedin.qa.testcases.LoginPageTest"/>
  <testcase name="LoginTest" time="15.105" classname="com.linkedin.qa.testcases.LoginPageTest"/>
</testsuite> <!-- com.linkedin.qa.testcases.LoginPageTest -->
